#-----------------------------------------------------------
# Vivado v2018.3 (64-bit)
# SW Build 2405991 on Thu Dec  6 23:38:27 MST 2018
# IP Build 2404404 on Fri Dec  7 01:43:56 MST 2018
# Start of session at: Sat Aug  1 09:05:20 2020
# Process ID: 10884
# Current directory: E:/riscV
# Command line: vivado.exe -gui_launcher_event rodinguilauncherevent14076 E:\riscV\riscV.xpr
# Log file: E:/riscV/vivado.log
# Journal file: E:/riscV\vivado.jou
#-----------------------------------------------------------
start_gui
open_project E:/riscV/riscV.xpr
Scanning sources...
Finished scanning sources
INFO: [IP_Flow 19-234] Refreshing IP repositories
INFO: [IP_Flow 19-1704] No user IP repositories specified
INFO: [IP_Flow 19-2313] Loaded Vivado IP repository 'E:/xilinx/Vivado/2018.3/data/ip'.
open_project: Time (s): cpu = 00:00:19 ; elapsed = 00:00:22 . Memory (MB): peak = 734.027 ; gain = 158.320
update_compile_order -fileset sources_1
reset_run synth_1
launch_runs impl_1 -jobs 2
[Sat Aug  1 09:14:51 2020] Launched synth_1...
Run output will be captured here: E:/riscV/riscV.runs/synth_1/runme.log
[Sat Aug  1 09:14:51 2020] Launched impl_1...
Run output will be captured here: E:/riscV/riscV.runs/impl_1/runme.log
open_run impl_1
INFO: [Netlist 29-17] Analyzing 649 Unisim elements for replacement
INFO: [Netlist 29-28] Unisim Transformation completed in 0 CPU seconds
INFO: [Project 1-479] Netlist was created with Vivado 2018.3
INFO: [Device 21-403] Loading part xc7s15ftgb196-1
INFO: [Project 1-570] Preparing netlist for logic optimization
INFO: [Constraints 18-4398] Generator version for shapeDB does not match. shapeDB will be regenerated.
INFO: [Timing 38-478] Restoring timing data from binary archive.
INFO: [Timing 38-479] Binary timing data restore complete.
INFO: [Project 1-856] Restoring constraints from binary archive.
INFO: [Project 1-853] Binary constraint restore complete.
Reading XDEF placement.
Reading placer database...
Reading XDEF routing.
Read XDEF File: Time (s): cpu = 00:00:01 ; elapsed = 00:00:01 . Memory (MB): peak = 1490.629 ; gain = 2.117
Restored from archive | CPU: 1.000000 secs | Memory: 0.000000 MB |
Finished XDEF File Restore: Time (s): cpu = 00:00:01 ; elapsed = 00:00:01 . Memory (MB): peak = 1490.629 ; gain = 2.117
Netlist sorting complete. Time (s): cpu = 00:00:00 ; elapsed = 00:00:00.002 . Memory (MB): peak = 1491.234 ; gain = 0.000
INFO: [Project 1-111] Unisim Transformation Summary:
  A total of 66 instances were transformed.
  IOBUF => IOBUF (IBUF, OBUFT): 2 instances
  RAM64X1S => RAM64X1S (RAMS64E): 64 instances

open_run: Time (s): cpu = 00:00:27 ; elapsed = 00:00:23 . Memory (MB): peak = 1595.480 ; gain = 787.566
update_compile_order -fileset sources_1
update_compile_order -fileset sources_1
update_compile_order -fileset sources_1
update_compile_order -fileset sources_1
reset_run synth_1
launch_runs impl_1 -jobs 2
[Sat Aug  1 09:50:53 2020] Launched synth_1...
Run output will be captured here: E:/riscV/riscV.runs/synth_1/runme.log
[Sat Aug  1 09:50:53 2020] Launched impl_1...
Run output will be captured here: E:/riscV/riscV.runs/impl_1/runme.log
